语法

    0 $accept: CompUnit $end

    1 CompUnit: FuncDef

    2 $@1: ε

    3 FuncDef: T_TYPE T_IDENTIFIER '(' ')' $@1 Block

    4 $@2: ε

    5 Block: '{' $@2 Stmt '}'

    6 Stmt: T_RETURN T_INTEGER_LITERAL ';'


终结语词，附有它们出现处的规则

    $end (0) 0
    '(' (40) 3
    ')' (41) 3
    ';' (59) 6
    '{' (123) 5
    '}' (125) 5
    error (256)
    T_TYPE (258) 3
    T_RETURN (259) 6
    T_IDENTIFIER (260) 3
    T_INTEGER_LITERAL (261) 6


非终结语词，附有它们出现处的规则

    $accept (12)
        on left: 0
    CompUnit (13)
        on left: 1
        on right: 0
    FuncDef (14)
        on left: 3
        on right: 1
    $@1 (15)
        on left: 2
        on right: 3
    Block (16)
        on left: 5
        on right: 3
    $@2 (17)
        on left: 4
        on right: 5
    Stmt (18)
        on left: 6
        on right: 5


状态 0

    0 $accept: • CompUnit $end

    T_TYPE  偏移，并进入状态 1

    CompUnit  转到状态 2
    FuncDef   转到状态 3


状态 1

    3 FuncDef: T_TYPE • T_IDENTIFIER '(' ')' $@1 Block

    T_IDENTIFIER  偏移，并进入状态 4


状态 2

    0 $accept: CompUnit • $end

    $end  偏移，并进入状态 5


状态 3

    1 CompUnit: FuncDef •

    $default  使用规则 1 以归约 (CompUnit)


状态 4

    3 FuncDef: T_TYPE T_IDENTIFIER • '(' ')' $@1 Block

    '('  偏移，并进入状态 6


状态 5

    0 $accept: CompUnit $end •

    $default  接受


状态 6

    3 FuncDef: T_TYPE T_IDENTIFIER '(' • ')' $@1 Block

    ')'  偏移，并进入状态 7


状态 7

    3 FuncDef: T_TYPE T_IDENTIFIER '(' ')' • $@1 Block

    $default  使用规则 2 以归约 ($@1)

    $@1  转到状态 8


状态 8

    3 FuncDef: T_TYPE T_IDENTIFIER '(' ')' $@1 • Block

    '{'  偏移，并进入状态 9

    Block  转到状态 10


状态 9

    5 Block: '{' • $@2 Stmt '}'

    $default  使用规则 4 以归约 ($@2)

    $@2  转到状态 11


状态 10

    3 FuncDef: T_TYPE T_IDENTIFIER '(' ')' $@1 Block •

    $default  使用规则 3 以归约 (FuncDef)


状态 11

    5 Block: '{' $@2 • Stmt '}'

    T_RETURN  偏移，并进入状态 12

    Stmt  转到状态 13


状态 12

    6 Stmt: T_RETURN • T_INTEGER_LITERAL ';'

    T_INTEGER_LITERAL  偏移，并进入状态 14


状态 13

    5 Block: '{' $@2 Stmt • '}'

    '}'  偏移，并进入状态 15


状态 14

    6 Stmt: T_RETURN T_INTEGER_LITERAL • ';'

    ';'  偏移，并进入状态 16


状态 15

    5 Block: '{' $@2 Stmt '}' •

    $default  使用规则 5 以归约 (Block)


状态 16

    6 Stmt: T_RETURN T_INTEGER_LITERAL ';' •

    $default  使用规则 6 以归约 (Stmt)
